[2019-04-13 00:26:01.731] [exthost] [info] extension host started
[2019-04-13 00:26:03.324] [exthost] [info] extension host started
[2019-04-13 00:26:03.339] [exthost] [info] ExtensionService#_doActivateExtension vscode.debug-auto-launch {"startup":true,"activationEvent":"*"}
[2019-04-13 00:26:03.339] [exthost] [info] ExtensionService#loadCommonJSModule c:\Users\Kakey Fon\.codemix\engine\resources\app\extensions\debug-auto-launch\dist\extension
[2019-04-13 00:26:03.344] [exthost] [info] ExtensionService#_doActivateExtension vscode.emmet {"startup":true,"activationEvent":"*"}
[2019-04-13 00:26:03.344] [exthost] [info] ExtensionService#loadCommonJSModule c:\Users\Kakey Fon\.codemix\engine\resources\app\extensions\emmet\dist\extension
[2019-04-13 00:26:03.369] [exthost] [info] ExtensionService#_doActivateExtension vscode.merge-conflict {"startup":true,"activationEvent":"*"}
[2019-04-13 00:26:03.369] [exthost] [info] ExtensionService#loadCommonJSModule c:\Users\Kakey Fon\.codemix\engine\resources\app\extensions\merge-conflict\dist\extension
[2019-04-13 00:26:03.377] [exthost] [info] ExtensionService#_doActivateExtension christian-kohler.path-intellisense {"startup":true,"activationEvent":"*"}
[2019-04-13 00:26:03.377] [exthost] [info] ExtensionService#loadCommonJSModule C:\Users\Kakey Fon\.codemix\extensions\christian-kohler.path-intellisense-1.4.2\out\src\extension
[2019-04-13 00:26:03.399] [exthost] [info] ExtensionService#_doActivateExtension formulahendry.auto-close-tag {"startup":true,"activationEvent":"*"}
[2019-04-13 00:26:03.399] [exthost] [info] ExtensionService#loadCommonJSModule C:\Users\Kakey Fon\.codemix\extensions\formulahendry.auto-close-tag-0.5.6\out\src\extension
[2019-04-13 00:26:03.401] [exthost] [info] ExtensionService#_doActivateExtension vscode.configuration-editing {"startup":false,"activationEvent":"onLanguage:jsonc"}
[2019-04-13 00:26:03.401] [exthost] [info] ExtensionService#loadCommonJSModule c:\Users\Kakey Fon\.codemix\engine\resources\app\extensions\configuration-editing\dist\extension
[2019-04-13 00:26:03.410] [exthost] [info] ExtensionService#_doActivateExtension vscode.json-language-features {"startup":false,"activationEvent":"onLanguage:jsonc"}
[2019-04-13 00:26:03.410] [exthost] [info] ExtensionService#loadCommonJSModule c:\Users\Kakey Fon\.codemix\engine\resources\app\extensions\json-language-features\client\dist\jsonMain
[2019-04-13 00:26:03.484] [exthost] [info] ExtensionService#_doActivateExtension vscode.typescript-language-features {"startup":false,"activationEvent":"onLanguage:jsonc"}
[2019-04-13 00:26:03.484] [exthost] [info] ExtensionService#loadCommonJSModule c:\Users\Kakey Fon\.codemix\engine\resources\app\extensions\typescript-language-features\dist\extension
[2019-04-13 00:26:03.564] [exthost] [info] ExtensionService#_doActivateExtension vscode.grunt {"startup":false,"activationEvent":"onCommand:workbench.action.tasks.runTask"}
[2019-04-13 00:26:03.564] [exthost] [info] ExtensionService#loadCommonJSModule c:\Users\Kakey Fon\.codemix\engine\resources\app\extensions\grunt\dist\main
[2019-04-13 00:26:03.568] [exthost] [info] ExtensionService#_doActivateExtension vscode.gulp {"startup":false,"activationEvent":"onCommand:workbench.action.tasks.runTask"}
[2019-04-13 00:26:03.568] [exthost] [info] ExtensionService#loadCommonJSModule c:\Users\Kakey Fon\.codemix\engine\resources\app\extensions\gulp\dist\main
[2019-04-13 00:26:03.573] [exthost] [info] ExtensionService#_doActivateExtension vscode.jake {"startup":false,"activationEvent":"onCommand:workbench.action.tasks.runTask"}
[2019-04-13 00:26:03.573] [exthost] [info] ExtensionService#loadCommonJSModule c:\Users\Kakey Fon\.codemix\engine\resources\app\extensions\jake\dist\main
[2019-04-13 00:26:03.578] [exthost] [info] ExtensionService#_doActivateExtension vscode.npm {"startup":false,"activationEvent":"onCommand:workbench.action.tasks.runTask"}
[2019-04-13 00:26:03.578] [exthost] [info] ExtensionService#loadCommonJSModule c:\Users\Kakey Fon\.codemix\engine\resources\app\extensions\npm\dist\main
[2019-04-13 00:26:03.600] [exthost] [info] eager extensions activated
